2021-10-06T13:39:53+00:00 CRITICAL Uncaught TypeError: Unsupported operand types: string * int in D:\xampp\htdocs\labb2-olle\wp-content\plugins\drone-shipping\drone-shipping.php:41
Stack trace:
#0 D:\xampp\htdocs\labb2-olle\wp-content\plugins\woocommerce\includes\abstracts\abstract-wc-shipping-method.php(233): WC_DRONE_SHIPPING->calculate_shipping(Array)
#1 D:\xampp\htdocs\labb2-olle\wp-content\plugins\woocommerce\includes\class-wc-shipping.php(348): WC_Shipping_Method->get_rates_for_package(Array)
#2 D:\xampp\htdocs\labb2-olle\wp-content\plugins\woocommerce\includes\class-wc-shipping.php(260): WC_Shipping->calculate_shipping_for_package(Array, 0)
#3 D:\xampp\htdocs\labb2-olle\wp-content\plugins\woocommerce\includes\class-wc-cart.php(1420): WC_Shipping->calculate_shipping(Array)
#4 D:\xampp\htdocs\labb2-olle\wp-content\plugins\woocommerce\includes\class-wc-cart-totals.php(339): WC_Cart->calculate_shipping()
#5 D:\xampp\htdocs\labb2-olle\wp-content\plugins\woocommerce\includes\class-wc-cart-totals.php(850): WC_Cart_Totals->get_shipping_from_cart()
#6 D:\xampp\htdocs\labb2-olle\wp-content\plugins\woocommerce\includes\class-wc-cart-totals.php(144): WC_Cart_Totals->calculate_shipping_totals()
#7 D:\xampp\htdocs\labb2-olle\wp-content\plugins\woocommerce\includes\class-wc-cart-totals.php(134): WC_Cart_Totals->calculate()
#8 D:\xampp\htdocs\labb2-olle\wp-content\plugins\woocommerce\includes\class-wc-cart.php(1398): WC_Cart_Totals->__construct(Object(WC_Cart))
#9 D:\xampp\htdocs\labb2-olle\wp-content\plugins\woocommerce\includes\shortcodes\class-wc-shortcode-checkout.php(275): WC_Cart->calculate_totals()
#10 D:\xampp\htdocs\labb2-olle\wp-content\plugins\woocommerce\includes\shortcodes\class-wc-shortcode-checkout.php(67): WC_Shortcode_Checkout::checkout()
#11 D:\xampp\htdocs\labb2-olle\wp-content\plugins\woocommerce\includes\class-wc-shortcodes.php(72): WC_Shortcode_Checkout::output('')
#12 D:\xampp\htdocs\labb2-olle\wp-content\plugins\woocommerce\includes\class-wc-shortcodes.php(95): WC_Shortcodes::shortcode_wrapper(Array, '')
#13 D:\xampp\htdocs\labb2-olle\wp-includes\shortcodes.php(356): WC_Shortcodes::checkout('', '', 'woocommerce_che...')
#14 [internal function]: do_shortcode_tag(Array)
#15 D:\xampp\htdocs\labb2-olle\wp-includes\shortcodes.php(228): preg_replace_callback('/\\[(\\[?)(woocom...', 'do_shortcode_ta...', '[woocommerce_ch...')
#16 D:\xampp\htdocs\labb2-olle\wp-includes\class-wp-hook.php(303): do_shortcode('[woocommerce_ch...')
#17 D:\xampp\htdocs\labb2-olle\wp-includes\plugin.php(189): WP_Hook->apply_filters('[woocommerce_ch...', Array)
#18 D:\xampp\htdocs\labb2-olle\wp-includes\post-template.php(253): apply_filters('the_content', '<!-- wp:shortco...')
#19 D:\xampp\htdocs\labb2-olle\wp-content\themes\orchid-store\template-parts\content-page.php(37): the_content()
#20 D:\xampp\htdocs\labb2-olle\wp-includes\template.php(772): require('D:\\xampp\\htdocs...')
#21 D:\xampp\htdocs\labb2-olle\wp-includes\template.php(716): load_template('D:\\xampp\\htdocs...', false, Array)
#22 D:\xampp\htdocs\labb2-olle\wp-includes\general-template.php(204): locate_template(Array, true, false, Array)
#23 D:\xampp\htdocs\labb2-olle\wp-content\themes\orchid-store\page.php(44): get_template_part('template-parts/...', 'page')
#24 D:\xampp\htdocs\labb2-olle\wp-includes\template-loader.php(106): include('D:\\xampp\\htdocs...')
#25 D:\xampp\htdocs\labb2-olle\wp-blog-header.php(19): require_once('D:\\xampp\\htdocs...')
#26 D:\xampp\htdocs\labb2-olle\index.php(17): require('D:\\xampp\\htdocs...')
#27 {main}
  thrown i D:\xampp\htdocs\labb2-olle\wp-content\plugins\drone-shipping\drone-shipping.php på rad 41

2021-10-06T13:40:44+00:00 CRITICAL Uncaught TypeError: Unsupported operand types: string * int in D:\xampp\htdocs\labb2-olle\wp-content\plugins\drone-shipping\drone-shipping.php:41
Stack trace:
#0 D:\xampp\htdocs\labb2-olle\wp-content\plugins\woocommerce\includes\abstracts\abstract-wc-shipping-method.php(233): WC_DRONE_SHIPPING->calculate_shipping(Array)
#1 D:\xampp\htdocs\labb2-olle\wp-content\plugins\woocommerce\includes\class-wc-shipping.php(348): WC_Shipping_Method->get_rates_for_package(Array)
#2 D:\xampp\htdocs\labb2-olle\wp-content\plugins\woocommerce\includes\class-wc-shipping.php(260): WC_Shipping->calculate_shipping_for_package(Array, 0)
#3 D:\xampp\htdocs\labb2-olle\wp-content\plugins\woocommerce\includes\class-wc-cart.php(1420): WC_Shipping->calculate_shipping(Array)
#4 D:\xampp\htdocs\labb2-olle\wp-content\plugins\woocommerce\includes\class-wc-cart-totals.php(339): WC_Cart->calculate_shipping()
#5 D:\xampp\htdocs\labb2-olle\wp-content\plugins\woocommerce\includes\class-wc-cart-totals.php(850): WC_Cart_Totals->get_shipping_from_cart()
#6 D:\xampp\htdocs\labb2-olle\wp-content\plugins\woocommerce\includes\class-wc-cart-totals.php(144): WC_Cart_Totals->calculate_shipping_totals()
#7 D:\xampp\htdocs\labb2-olle\wp-content\plugins\woocommerce\includes\class-wc-cart-totals.php(134): WC_Cart_Totals->calculate()
#8 D:\xampp\htdocs\labb2-olle\wp-content\plugins\woocommerce\includes\class-wc-cart.php(1398): WC_Cart_Totals->__construct(Object(WC_Cart))
#9 D:\xampp\htdocs\labb2-olle\wp-content\plugins\woocommerce\includes\shortcodes\class-wc-shortcode-checkout.php(275): WC_Cart->calculate_totals()
#10 D:\xampp\htdocs\labb2-olle\wp-content\plugins\woocommerce\includes\shortcodes\class-wc-shortcode-checkout.php(67): WC_Shortcode_Checkout::checkout()
#11 D:\xampp\htdocs\labb2-olle\wp-content\plugins\woocommerce\includes\class-wc-shortcodes.php(72): WC_Shortcode_Checkout::output('')
#12 D:\xampp\htdocs\labb2-olle\wp-content\plugins\woocommerce\includes\class-wc-shortcodes.php(95): WC_Shortcodes::shortcode_wrapper(Array, '')
#13 D:\xampp\htdocs\labb2-olle\wp-includes\shortcodes.php(356): WC_Shortcodes::checkout('', '', 'woocommerce_che...')
#14 [internal function]: do_shortcode_tag(Array)
#15 D:\xampp\htdocs\labb2-olle\wp-includes\shortcodes.php(228): preg_replace_callback('/\\[(\\[?)(woocom...', 'do_shortcode_ta...', '[woocommerce_ch...')
#16 D:\xampp\htdocs\labb2-olle\wp-includes\class-wp-hook.php(303): do_shortcode('[woocommerce_ch...')
#17 D:\xampp\htdocs\labb2-olle\wp-includes\plugin.php(189): WP_Hook->apply_filters('[woocommerce_ch...', Array)
#18 D:\xampp\htdocs\labb2-olle\wp-includes\post-template.php(253): apply_filters('the_content', '<!-- wp:shortco...')
#19 D:\xampp\htdocs\labb2-olle\wp-content\themes\orchid-store\template-parts\content-page.php(37): the_content()
#20 D:\xampp\htdocs\labb2-olle\wp-includes\template.php(772): require('D:\\xampp\\htdocs...')
#21 D:\xampp\htdocs\labb2-olle\wp-includes\template.php(716): load_template('D:\\xampp\\htdocs...', false, Array)
#22 D:\xampp\htdocs\labb2-olle\wp-includes\general-template.php(204): locate_template(Array, true, false, Array)
#23 D:\xampp\htdocs\labb2-olle\wp-content\themes\orchid-store\page.php(44): get_template_part('template-parts/...', 'page')
#24 D:\xampp\htdocs\labb2-olle\wp-includes\template-loader.php(106): include('D:\\xampp\\htdocs...')
#25 D:\xampp\htdocs\labb2-olle\wp-blog-header.php(19): require_once('D:\\xampp\\htdocs...')
#26 D:\xampp\htdocs\labb2-olle\index.php(17): require('D:\\xampp\\htdocs...')
#27 {main}
  thrown i D:\xampp\htdocs\labb2-olle\wp-content\plugins\drone-shipping\drone-shipping.php på rad 41

2021-10-06T13:42:42+00:00 CRITICAL Uncaught TypeError: Unsupported operand types: string * int in D:\xampp\htdocs\labb2-olle\wp-content\plugins\drone-shipping\drone-shipping.php:42
Stack trace:
#0 D:\xampp\htdocs\labb2-olle\wp-content\plugins\woocommerce\includes\abstracts\abstract-wc-shipping-method.php(233): WC_DRONE_SHIPPING->calculate_shipping(Array)
#1 D:\xampp\htdocs\labb2-olle\wp-content\plugins\woocommerce\includes\class-wc-shipping.php(348): WC_Shipping_Method->get_rates_for_package(Array)
#2 D:\xampp\htdocs\labb2-olle\wp-content\plugins\woocommerce\includes\class-wc-shipping.php(260): WC_Shipping->calculate_shipping_for_package(Array, 0)
#3 D:\xampp\htdocs\labb2-olle\wp-content\plugins\woocommerce\includes\class-wc-cart.php(1420): WC_Shipping->calculate_shipping(Array)
#4 D:\xampp\htdocs\labb2-olle\wp-content\plugins\woocommerce\includes\class-wc-cart-totals.php(339): WC_Cart->calculate_shipping()
#5 D:\xampp\htdocs\labb2-olle\wp-content\plugins\woocommerce\includes\class-wc-cart-totals.php(850): WC_Cart_Totals->get_shipping_from_cart()
#6 D:\xampp\htdocs\labb2-olle\wp-content\plugins\woocommerce\includes\class-wc-cart-totals.php(144): WC_Cart_Totals->calculate_shipping_totals()
#7 D:\xampp\htdocs\labb2-olle\wp-content\plugins\woocommerce\includes\class-wc-cart-totals.php(134): WC_Cart_Totals->calculate()
#8 D:\xampp\htdocs\labb2-olle\wp-content\plugins\woocommerce\includes\class-wc-cart.php(1398): WC_Cart_Totals->__construct(Object(WC_Cart))
#9 D:\xampp\htdocs\labb2-olle\wp-content\plugins\woocommerce\includes\shortcodes\class-wc-shortcode-checkout.php(275): WC_Cart->calculate_totals()
#10 D:\xampp\htdocs\labb2-olle\wp-content\plugins\woocommerce\includes\shortcodes\class-wc-shortcode-checkout.php(67): WC_Shortcode_Checkout::checkout()
#11 D:\xampp\htdocs\labb2-olle\wp-content\plugins\woocommerce\includes\class-wc-shortcodes.php(72): WC_Shortcode_Checkout::output('')
#12 D:\xampp\htdocs\labb2-olle\wp-content\plugins\woocommerce\includes\class-wc-shortcodes.php(95): WC_Shortcodes::shortcode_wrapper(Array, '')
#13 D:\xampp\htdocs\labb2-olle\wp-includes\shortcodes.php(356): WC_Shortcodes::checkout('', '', 'woocommerce_che...')
#14 [internal function]: do_shortcode_tag(Array)
#15 D:\xampp\htdocs\labb2-olle\wp-includes\shortcodes.php(228): preg_replace_callback('/\\[(\\[?)(woocom...', 'do_shortcode_ta...', '[woocommerce_ch...')
#16 D:\xampp\htdocs\labb2-olle\wp-includes\class-wp-hook.php(303): do_shortcode('[woocommerce_ch...')
#17 D:\xampp\htdocs\labb2-olle\wp-includes\plugin.php(189): WP_Hook->apply_filters('[woocommerce_ch...', Array)
#18 D:\xampp\htdocs\labb2-olle\wp-includes\post-template.php(253): apply_filters('the_content', '<!-- wp:shortco...')
#19 D:\xampp\htdocs\labb2-olle\wp-content\themes\orchid-store\template-parts\content-page.php(37): the_content()
#20 D:\xampp\htdocs\labb2-olle\wp-includes\template.php(772): require('D:\\xampp\\htdocs...')
#21 D:\xampp\htdocs\labb2-olle\wp-includes\template.php(716): load_template('D:\\xampp\\htdocs...', false, Array)
#22 D:\xampp\htdocs\labb2-olle\wp-includes\general-template.php(204): locate_template(Array, true, false, Array)
#23 D:\xampp\htdocs\labb2-olle\wp-content\themes\orchid-store\page.php(44): get_template_part('template-parts/...', 'page')
#24 D:\xampp\htdocs\labb2-olle\wp-includes\template-loader.php(106): include('D:\\xampp\\htdocs...')
#25 D:\xampp\htdocs\labb2-olle\wp-blog-header.php(19): require_once('D:\\xampp\\htdocs...')
#26 D:\xampp\htdocs\labb2-olle\index.php(17): require('D:\\xampp\\htdocs...')
#27 {main}
  thrown i D:\xampp\htdocs\labb2-olle\wp-content\plugins\drone-shipping\drone-shipping.php på rad 42

2021-10-06T14:27:01+00:00 CRITICAL Uncaught TypeError: Unsupported operand types: string * int in D:\xampp\htdocs\labb2-olle\wp-content\plugins\drone-shipping\drone-shipping.php:43
Stack trace:
#0 D:\xampp\htdocs\labb2-olle\wp-content\plugins\woocommerce\includes\abstracts\abstract-wc-shipping-method.php(233): WC_DRONE_SHIPPING->calculate_shipping(Array)
#1 D:\xampp\htdocs\labb2-olle\wp-content\plugins\woocommerce\includes\class-wc-shipping.php(348): WC_Shipping_Method->get_rates_for_package(Array)
#2 D:\xampp\htdocs\labb2-olle\wp-content\plugins\woocommerce\includes\class-wc-shipping.php(260): WC_Shipping->calculate_shipping_for_package(Array, 0)
#3 D:\xampp\htdocs\labb2-olle\wp-content\plugins\woocommerce\includes\class-wc-cart.php(1420): WC_Shipping->calculate_shipping(Array)
#4 D:\xampp\htdocs\labb2-olle\wp-content\plugins\woocommerce\includes\class-wc-cart-totals.php(339): WC_Cart->calculate_shipping()
#5 D:\xampp\htdocs\labb2-olle\wp-content\plugins\woocommerce\includes\class-wc-cart-totals.php(850): WC_Cart_Totals->get_shipping_from_cart()
#6 D:\xampp\htdocs\labb2-olle\wp-content\plugins\woocommerce\includes\class-wc-cart-totals.php(144): WC_Cart_Totals->calculate_shipping_totals()
#7 D:\xampp\htdocs\labb2-olle\wp-content\plugins\woocommerce\includes\class-wc-cart-totals.php(134): WC_Cart_Totals->calculate()
#8 D:\xampp\htdocs\labb2-olle\wp-content\plugins\woocommerce\includes\class-wc-cart.php(1398): WC_Cart_Totals->__construct(Object(WC_Cart))
#9 D:\xampp\htdocs\labb2-olle\wp-includes\class-wp-hook.php(301): WC_Cart->calculate_totals()
#10 D:\xampp\htdocs\labb2-olle\wp-includes\class-wp-hook.php(327): WP_Hook->apply_filters(NULL, Array)
#11 D:\xampp\htdocs\labb2-olle\wp-includes\plugin.php(470): WP_Hook->do_action(Array)
#12 D:\xampp\htdocs\labb2-olle\wp-content\plugins\woocommerce\includes\class-wc-cart.php(1276): do_action('woocommerce_add...', 'd09bf41544a3365...', 75, 1, 0, Array, Array)
#13 D:\xampp\htdocs\labb2-olle\wp-content\plugins\woocommerce\includes\class-wc-form-handler.php(824): WC_Cart->add_to_cart(75, 1)
#14 D:\xampp\htdocs\labb2-olle\wp-content\plugins\woocommerce\includes\class-wc-form-handler.php(796): WC_Form_Handler::add_to_cart_handler_simple(75)
#15 D:\xampp\htdocs\labb2-olle\wp-includes\class-wp-hook.php(303): WC_Form_Handler::add_to_cart_action('')
#16 D:\xampp\htdocs\labb2-olle\wp-includes\class-wp-hook.php(327): WP_Hook->apply_filters(NULL, Array)
#17 D:\xampp\htdocs\labb2-olle\wp-includes\plugin.php(470): WP_Hook->do_action(Array)
#18 D:\xampp\htdocs\labb2-olle\wp-settings.php(600): do_action('wp_loaded')
#19 D:\xampp\htdocs\labb2-olle\wp-config.php(93): require_once('D:\\xampp\\htdocs...')
#20 D:\xampp\htdocs\labb2-olle\wp-load.php(50): require_once('D:\\xampp\\htdocs...')
#21 D:\xampp\htdocs\labb2-olle\wp-blog-header.php(13): require_once('D:\\xampp\\htdocs...')
#22 D:\xampp\htdocs\labb2-olle\index.php(17): require('D:\\xampp\\htdocs...')
#23 {main}
  thrown i D:\xampp\htdocs\labb2-olle\wp-content\plugins\drone-shipping\drone-shipping.php på rad 43

2021-10-06T14:57:30+00:00 CRITICAL Uncaught TypeError: Unsupported operand types: string * int in D:\xampp\htdocs\labb2-olle\wp-content\plugins\drone-shipping\drone-shipping.php:43
Stack trace:
#0 D:\xampp\htdocs\labb2-olle\wp-content\plugins\woocommerce\includes\abstracts\abstract-wc-shipping-method.php(233): WC_DRONE_SHIPPING->calculate_shipping(Array)
#1 D:\xampp\htdocs\labb2-olle\wp-content\plugins\woocommerce\includes\class-wc-shipping.php(348): WC_Shipping_Method->get_rates_for_package(Array)
#2 D:\xampp\htdocs\labb2-olle\wp-content\plugins\woocommerce\includes\class-wc-shipping.php(260): WC_Shipping->calculate_shipping_for_package(Array, 0)
#3 D:\xampp\htdocs\labb2-olle\wp-content\plugins\woocommerce\includes\class-wc-cart.php(1420): WC_Shipping->calculate_shipping(Array)
#4 D:\xampp\htdocs\labb2-olle\wp-content\plugins\woocommerce\includes\class-wc-cart-totals.php(339): WC_Cart->calculate_shipping()
#5 D:\xampp\htdocs\labb2-olle\wp-content\plugins\woocommerce\includes\class-wc-cart-totals.php(850): WC_Cart_Totals->get_shipping_from_cart()
#6 D:\xampp\htdocs\labb2-olle\wp-content\plugins\woocommerce\includes\class-wc-cart-totals.php(144): WC_Cart_Totals->calculate_shipping_totals()
#7 D:\xampp\htdocs\labb2-olle\wp-content\plugins\woocommerce\includes\class-wc-cart-totals.php(134): WC_Cart_Totals->calculate()
#8 D:\xampp\htdocs\labb2-olle\wp-content\plugins\woocommerce\includes\class-wc-cart.php(1398): WC_Cart_Totals->__construct(Object(WC_Cart))
#9 D:\xampp\htdocs\labb2-olle\wp-content\plugins\woocommerce\includes\class-wc-cart-session.php(177): WC_Cart->calculate_totals()
#10 D:\xampp\htdocs\labb2-olle\wp-includes\class-wp-hook.php(303): WC_Cart_Session->get_cart_from_session('')
#11 D:\xampp\htdocs\labb2-olle\wp-includes\class-wp-hook.php(327): WP_Hook->apply_filters(NULL, Array)
#12 D:\xampp\htdocs\labb2-olle\wp-includes\plugin.php(470): WP_Hook->do_action(Array)
#13 D:\xampp\htdocs\labb2-olle\wp-settings.php(600): do_action('wp_loaded')
#14 D:\xampp\htdocs\labb2-olle\wp-config.php(93): require_once('D:\\xampp\\htdocs...')
#15 D:\xampp\htdocs\labb2-olle\wp-load.php(50): require_once('D:\\xampp\\htdocs...')
#16 D:\xampp\htdocs\labb2-olle\wp-blog-header.php(13): require_once('D:\\xampp\\htdocs...')
#17 D:\xampp\htdocs\labb2-olle\index.php(17): require('D:\\xampp\\htdocs...')
#18 {main}
  thrown i D:\xampp\htdocs\labb2-olle\wp-content\plugins\drone-shipping\drone-shipping.php på rad 43

